<?xml version="1.0" encoding="utf-8"?><testsuites name="pytest tests"><testsuite name="pytest" errors="0" failures="0" skipped="0" tests="23" time="13.677" timestamp="2026-06-23T09:51:25.532507+00:00" hostname="agent-env-ab924ec3-f2ef-48c0-9d7a-22c771e2f791"><testcase classname="backend.tests.test_aangan_realapp.TestAuth" name="test_signup_creates_head_and_family" time="0.459" /><testcase classname="backend.tests.test_aangan_realapp.TestAuth" name="test_login_wrong_password" time="0.317" /><testcase classname="backend.tests.test_aangan_realapp.TestAuth" name="test_login_right_password_sets_cookie" time="0.393" /><testcase classname="backend.tests.test_aangan_realapp.TestAuth" name="test_me_unauthorized" time="0.105" /><testcase classname="backend.tests.test_aangan_realapp.TestMembers" name="test_get_family_returns_head_member" time="0.042" /><testcase classname="backend.tests.test_aangan_realapp.TestMembers" name="test_create_member" time="0.163" /><testcase classname="backend.tests.test_aangan_realapp.TestMembers" name="test_patch_member" time="0.042" /><testcase classname="backend.tests.test_aangan_realapp.TestMembers" name="test_head_cannot_delete_own_profile" time="0.081" /><testcase classname="backend.tests.test_aangan_realapp.TestMembers" name="test_bidirectional_parent_child" time="0.131" /><testcase classname="backend.tests.test_aangan_realapp.TestMembers" name="test_delete_member_cascades" time="0.407" /><testcase classname="backend.tests.test_aangan_realapp.TestInviteAndPrivacy" name="test_create_invite" time="0.178" /><testcase classname="backend.tests.test_aangan_realapp.TestInviteAndPrivacy" name="test_accept_invite_creates_member" time="0.419" /><testcase classname="backend.tests.test_aangan_realapp.TestInviteAndPrivacy" name="test_invited_user_cannot_see_private_fields" time="0.045" /><testcase classname="backend.tests.test_aangan_realapp.TestInviteAndPrivacy" name="test_head_sees_everything" time="0.040" /><testcase classname="backend.tests.test_aangan_realapp.TestStories" name="test_add_story_default_private" time="0.082" /><testcase classname="backend.tests.test_aangan_realapp.TestStories" name="test_other_user_cannot_see_private_story" time="0.043" /><testcase classname="backend.tests.test_aangan_realapp.TestStories" name="test_toggle_public_story_visible" time="0.125" /><testcase classname="backend.tests.test_aangan_realapp.TestStories" name="test_delete_story" time="0.081" /><testcase classname="backend.tests.test_aangan_realapp.TestAsk" name="test_ask_stream_authenticated" time="8.801" /><testcase classname="backend.tests.test_aangan_realapp.TestAsk" name="test_ask_stream_unauthenticated" time="0.111" /><testcase classname="backend.tests.test_aangan_realapp.TestTranscribe" name="test_transcribe_unauthenticated" time="0.139" /><testcase classname="backend.tests.test_aangan_realapp.TestTranscribe" name="test_transcribe_empty_body" time="0.092" /><testcase classname="backend.tests.test_aangan_realapp.TestTranscribe" name="test_transcribe_valid_wav" time="1.277" /></testsuite></testsuites>