<?xml version="1.0" encoding="utf-8"?><testsuites name="pytest tests"><testsuite name="pytest" errors="0" failures="0" skipped="0" tests="22" time="3.043" timestamp="2026-06-23T10:52:46.227531+00:00" hostname="agent-env-ab924ec3-f2ef-48c0-9d7a-22c771e2f791"><testcase classname="backend.tests.test_aangan_iteration3.TestRecipes" name="test_create_recipe" time="0.552" /><testcase classname="backend.tests.test_aangan_iteration3.TestRecipes" name="test_create_private_recipe" time="0.043" /><testcase classname="backend.tests.test_aangan_iteration3.TestRecipes" name="test_list_recipes_owner_sees_all" time="0.083" /><testcase classname="backend.tests.test_aangan_iteration3.TestRecipes" name="test_get_recipe" time="0.043" /><testcase classname="backend.tests.test_aangan_iteration3.TestRecipes" name="test_patch_recipe" time="0.167" /><testcase classname="backend.tests.test_aangan_iteration3.TestRecipes" name="test_non_owner_sees_only_public" time="0.445" /><testcase classname="backend.tests.test_aangan_iteration3.TestRecipes" name="test_non_owner_cannot_get_private" time="0.043" /><testcase classname="backend.tests.test_aangan_iteration3.TestRecipes" name="test_non_owner_cannot_edit" time="0.043" /><testcase classname="backend.tests.test_aangan_iteration3.TestRecipes" name="test_delete_recipe" time="0.207" /><testcase classname="backend.tests.test_aangan_iteration3.TestCultures" name="test_create_culture" time="0.094" /><testcase classname="backend.tests.test_aangan_iteration3.TestCultures" name="test_list_cultures" time="0.047" /><testcase classname="backend.tests.test_aangan_iteration3.TestCultures" name="test_non_owner_sees_public_culture" time="0.043" /><testcase classname="backend.tests.test_aangan_iteration3.TestRituals" name="test_create_ritual" time="0.051" /><testcase classname="backend.tests.test_aangan_iteration3.TestRituals" name="test_non_owner_cannot_see_private_ritual" time="0.043" /><testcase classname="backend.tests.test_aangan_iteration3.TestRituals" name="test_patch_ritual_public" time="0.128" /><testcase classname="backend.tests.test_aangan_iteration3.TestStoriesAggregator" name="test_all_stories_includes_all_kinds" time="0.213" /><testcase classname="backend.tests.test_aangan_iteration3.TestStoriesAggregator" name="test_invited_sees_only_public_in_feed" time="0.044" /><testcase classname="backend.tests.test_aangan_iteration3.TestUpcomingEvents" name="test_birthday_tomorrow" time="0.124" /><testcase classname="backend.tests.test_aangan_iteration3.TestUpcomingEvents" name="test_culture_event_included" time="0.083" /><testcase classname="backend.tests.test_aangan_iteration3.TestRelations" name="test_sibling_propagation" time="0.173" /><testcase classname="backend.tests.test_aangan_iteration3.TestRelations" name="test_extended_relations_saved" time="0.142" /><testcase classname="backend.tests.test_aangan_iteration3.TestRelations" name="test_delete_member_pulls_sibling_refs" time="0.128" /></testsuite></testsuites>